Build started 10/30/2014 9:43:56 PM.
     1>Project "C:\Users\Cavaughn\Documents\Visual Studio 2013\Projects\Program3 Browne_Cavaughn\Program3 Browne_Cavaughn\Program3 Browne_Cavaughn.vcxproj" on node 2 (Build target(s)).
     1>ClCompile:
         C:\Program Files (x86)\Microsoft Visual Studio 12.0\VC\bin\CL.exe /c /ZI /nologo /W3 /WX- /sdl /Od /Oy- /D _MBCS /Gm /EHsc /RTC1 /MDd /GS /fp:precise /Zc:wchar_t /Zc:forScope /Fo"Debug\\" /Fd"Debug\vc120.pdb" /Gd /TP /analyze- /errorReport:prompt Browne_Cavaughn_3B.cpp
         Browne_Cavaughn_3B.cpp
     1>c:\users\cavaughn\documents\visual studio 2013\projects\program3 browne_cavaughn\program3 browne_cavaughn\browne_cavaughn_3b.cpp(19): warning C4101: 'num7' : unreferenced local variable
     1>c:\users\cavaughn\documents\visual studio 2013\projects\program3 browne_cavaughn\program3 browne_cavaughn\browne_cavaughn_3b.cpp(19): warning C4101: 'num3' : unreferenced local variable
     1>c:\users\cavaughn\documents\visual studio 2013\projects\program3 browne_cavaughn\program3 browne_cavaughn\browne_cavaughn_3b.cpp(19): warning C4101: 'num11' : unreferenced local variable
     1>c:\users\cavaughn\documents\visual studio 2013\projects\program3 browne_cavaughn\program3 browne_cavaughn\browne_cavaughn_3b.cpp(19): warning C4101: 'num6' : unreferenced local variable
     1>c:\users\cavaughn\documents\visual studio 2013\projects\program3 browne_cavaughn\program3 browne_cavaughn\browne_cavaughn_3b.cpp(19): warning C4101: 'num2' : unreferenced local variable
     1>c:\users\cavaughn\documents\visual studio 2013\projects\program3 browne_cavaughn\program3 browne_cavaughn\browne_cavaughn_3b.cpp(19): warning C4101: 'num10' : unreferenced local variable
     1>c:\users\cavaughn\documents\visual studio 2013\projects\program3 browne_cavaughn\program3 browne_cavaughn\browne_cavaughn_3b.cpp(19): warning C4101: 'num9' : unreferenced local variable
     1>c:\users\cavaughn\documents\visual studio 2013\projects\program3 browne_cavaughn\program3 browne_cavaughn\browne_cavaughn_3b.cpp(19): warning C4101: 'num5' : unreferenced local variable
     1>c:\users\cavaughn\documents\visual studio 2013\projects\program3 browne_cavaughn\program3 browne_cavaughn\browne_cavaughn_3b.cpp(19): warning C4101: 'num1' : unreferenced local variable
     1>c:\users\cavaughn\documents\visual studio 2013\projects\program3 browne_cavaughn\program3 browne_cavaughn\browne_cavaughn_3b.cpp(19): warning C4101: 'num8' : unreferenced local variable
     1>c:\users\cavaughn\documents\visual studio 2013\projects\program3 browne_cavaughn\program3 browne_cavaughn\browne_cavaughn_3b.cpp(19): warning C4101: 'num4' : unreferenced local variable
       Link:
         C:\Program Files (x86)\Microsoft Visual Studio 12.0\VC\bin\link.exe /ERRORREPORT:PROMPT /OUT:"C:\Users\Cavaughn\Documents\Visual Studio 2013\Projects\Program3 Browne_Cavaughn\Debug\Program3 Browne_Cavaughn.exe" /INCREMENTAL /NOLOGO kernel32.lib user32.lib gdi32.lib winspool.lib comdlg32.lib advapi32.lib shell32.lib ole32.lib oleaut32.lib uuid.lib odbc32.lib odbccp32.lib /MANIFEST /MANIFESTUAC:"level='asInvoker' uiAccess='false'" /manifest:embed /DEBUG /PDB:"C:\Users\Cavaughn\Documents\Visual Studio 2013\Projects\Program3 Browne_Cavaughn\Debug\Program3 Browne_Cavaughn.pdb" /TLBID:1 /DYNAMICBASE /NXCOMPAT /IMPLIB:"C:\Users\Cavaughn\Documents\Visual Studio 2013\Projects\Program3 Browne_Cavaughn\Debug\Program3 Browne_Cavaughn.lib" /MACHINE:X86 Debug\Browne_Cavaughn_3B.obj
         Program3 Browne_Cavaughn.vcxproj -> C:\Users\Cavaughn\Documents\Visual Studio 2013\Projects\Program3 Browne_Cavaughn\Debug\Program3 Browne_Cavaughn.exe
     1>Done Building Project "C:\Users\Cavaughn\Documents\Visual Studio 2013\Projects\Program3 Browne_Cavaughn\Program3 Browne_Cavaughn\Program3 Browne_Cavaughn.vcxproj" (Build target(s)).

Build succeeded.

Time Elapsed 00:00:04.39
