e:\cmps1063_prog2\cmps1063_prog2\debug\vc120.pdb
e:\cmps1063_prog2\cmps1063_prog2\debug\vc120.idb
e:\cmps1063_prog2\cmps1063_prog2\debug\point.obj
e:\cmps1063_prog2\cmps1063_prog2\debug\prog2.obj
e:\cmps1063_prog2\cmps1063_prog2\debug\pointlist.obj
c:\users\cavaughn\documents\visual studio 2013\projects\cmps1063\cmps1063_prog2\cmps1063_prog2\debug\vc120.pdb
c:\users\cavaughn\documents\visual studio 2013\projects\cmps1063\cmps1063_prog2\cmps1063_prog2\debug\vc120.idb
c:\users\cavaughn\documents\visual studio 2013\projects\cmps1063\cmps1063_prog2\cmps1063_prog2\debug\point.obj
c:\users\cavaughn\documents\visual studio 2013\projects\cmps1063\cmps1063_prog2\cmps1063_prog2\debug\pointlist.obj
c:\users\cavaughn\documents\visual studio 2013\projects\cmps1063\cmps1063_prog2\cmps1063_prog2\debug\prog2.obj
c:\users\cavaughn\documents\visual studio 2013\projects\cmps1063\cmps1063_prog2\debug\cmps1063_prog2.ilk
c:\users\cavaughn\documents\visual studio 2013\projects\cmps1063\cmps1063_prog2\debug\cmps1063_prog2.exe
c:\users\cavaughn\documents\visual studio 2013\projects\cmps1063\cmps1063_prog2\debug\cmps1063_prog2.pdb
e:\cmps1063_prog2\debug\cmps1063_prog2.ilk
e:\cmps1063_prog2\debug\cmps1063_prog2.exe
e:\cmps1063_prog2\debug\cmps1063_prog2.pdb
e:\cmps1063_prog2\cmps1063_prog2\debug\cmps1063_prog2.tlog\cl.command.1.tlog
e:\cmps1063_prog2\cmps1063_prog2\debug\cmps1063_prog2.tlog\cl.read.1.tlog
e:\cmps1063_prog2\cmps1063_prog2\debug\cmps1063_prog2.tlog\cl.write.1.tlog
e:\cmps1063_prog2\cmps1063_prog2\debug\cmps1063_prog2.tlog\link.command.1.tlog
e:\cmps1063_prog2\cmps1063_prog2\debug\cmps1063_prog2.tlog\link.read.1.tlog
e:\cmps1063_prog2\cmps1063_prog2\debug\cmps1063_prog2.tlog\link.write.1.tlog
