Flow report for instructionCode
Tue Apr 26 23:31:01 2016
Quartus II 64-Bit Version 13.0.1 Build 232 06/12/2013 Service Pack 1 SJ Web Edition


---------------------
; Table of Contents ;
---------------------
  1. Legal Notice
  2. Flow Summary
  3. Flow Settings
  4. Flow Non-Default Global Settings
  5. Flow Elapsed Time
  6. Flow OS Summary
  7. Flow Log
  8. Flow Messages
  9. Flow Suppressed Messages



----------------
; Legal Notice ;
----------------
Copyright (C) 1991-2013 Altera Corporation
Your use of Altera Corporation's design tools, logic functions 
and other software and tools, and its AMPP partner logic 
functions, and any output files from any of the foregoing 
(including device programming or simulation files), and any 
associated documentation or information are expressly subject 
to the terms and conditions of the Altera Program License 
Subscription Agreement, Altera MegaCore Function License 
Agreement, or other applicable license agreement, including, 
without limitation, that your use is for the sole purpose of 
programming logic devices manufactured by Altera and sold by 
Altera or its authorized distributors.  Please refer to the 
applicable agreement for further details.



+--------------------------------------------------------------------------------------+
; Flow Summary                                                                         ;
+------------------------------------+-------------------------------------------------+
; Flow Status                        ; Successful - Tue Apr 26 23:31:01 2016           ;
; Quartus II 64-Bit Version          ; 13.0.1 Build 232 06/12/2013 SP 1 SJ Web Edition ;
; Revision Name                      ; instructionCode                                 ;
; Top-level Entity Name              ; main                                            ;
; Family                             ; Cyclone IV GX                                   ;
; Total logic elements               ; 196 / 21,280 ( < 1 % )                          ;
;     Total combinational functions  ; 195 / 21,280 ( < 1 % )                          ;
;     Dedicated logic registers      ; 24 / 21,280 ( < 1 % )                           ;
; Total registers                    ; 24                                              ;
; Total pins                         ; 56 / 167 ( 34 % )                               ;
; Total virtual pins                 ; 0                                               ;
; Total memory bits                  ; 0 / 774,144 ( 0 % )                             ;
; Embedded Multiplier 9-bit elements ; 0 / 80 ( 0 % )                                  ;
; Total GXB Receiver Channel PCS     ; 0 / 4 ( 0 % )                                   ;
; Total GXB Receiver Channel PMA     ; 0 / 4 ( 0 % )                                   ;
; Total GXB Transmitter Channel PCS  ; 0 / 4 ( 0 % )                                   ;
; Total GXB Transmitter Channel PMA  ; 0 / 4 ( 0 % )                                   ;
; Total PLLs                         ; 0 / 4 ( 0 % )                                   ;
; Device                             ; EP4CGX22CF19C6                                  ;
; Timing Models                      ; Final                                           ;
+------------------------------------+-------------------------------------------------+


+-----------------------------------------+
; Flow Settings                           ;
+-------------------+---------------------+
; Option            ; Setting             ;
+-------------------+---------------------+
; Start date & time ; 04/26/2016 23:28:19 ;
; Main task         ; Compilation         ;
; Revision Name     ; instructionCode     ;
+-------------------+---------------------+


+----------------------------------------------------------------------------------------------------------------------+
; Flow Non-Default Global Settings                                                                                     ;
+-------------------------------------+-------------------------------+-----------------+-------------+----------------+
; Assignment Name                     ; Value                         ; Default Value   ; Entity Name ; Section Id     ;
+-------------------------------------+-------------------------------+-----------------+-------------+----------------+
; COMPILER_SIGNATURE_ID               ; 2546682729881.146173129926916 ; --              ; --          ; --             ;
; EDA_OUTPUT_DATA_FORMAT              ; Vhdl                          ; --              ; --          ; eda_simulation ;
; EDA_SIMULATION_TOOL                 ; ModelSim-Altera (VHDL)        ; <None>          ; --          ; --             ;
; PARTITION_COLOR                     ; 16764057                      ; --              ; main        ; Top            ;
; PARTITION_FITTER_PRESERVATION_LEVEL ; PLACEMENT_AND_ROUTING         ; --              ; main        ; Top            ;
; PARTITION_NETLIST_TYPE              ; SOURCE                        ; --              ; main        ; Top            ;
; PROJECT_OUTPUT_DIRECTORY            ; output_files                  ; --              ; --          ; --             ;
; TOP_LEVEL_ENTITY                    ; main                          ; instructionCode ; --          ; --             ;
+-------------------------------------+-------------------------------+-----------------+-------------+----------------+


+-------------------------------------------------------------------------------------------------------------------------------+
; Flow Elapsed Time                                                                                                             ;
+---------------------------+--------------+-------------------------+---------------------+------------------------------------+
; Module Name               ; Elapsed Time ; Average Processors Used ; Peak Virtual Memory ; Total CPU Time (on all processors) ;
+---------------------------+--------------+-------------------------+---------------------+------------------------------------+
; Analysis & Synthesis      ; 00:00:05     ; 1.0                     ; 543 MB              ; 00:00:04                           ;
; Fitter                    ; 00:00:16     ; 1.0                     ; 813 MB              ; 00:00:14                           ;
; Assembler                 ; 00:00:02     ; 1.0                     ; 473 MB              ; 00:00:02                           ;
; TimeQuest Timing Analyzer ; 00:00:05     ; 1.0                     ; 468 MB              ; 00:00:04                           ;
; EDA Netlist Writer        ; 00:00:01     ; 1.0                     ; 446 MB              ; 00:00:01                           ;
; Fitter                    ; 00:00:16     ; 1.0                     ; 802 MB              ; 00:00:15                           ;
; EDA Netlist Writer        ; 00:00:01     ; 1.0                     ; 458 MB              ; 00:00:01                           ;
; Total                     ; 00:00:46     ; --                      ; --                  ; 00:00:41                           ;
+---------------------------+--------------+-------------------------+---------------------+------------------------------------+


+----------------------------------------------------------------------------------------+
; Flow OS Summary                                                                        ;
+---------------------------+------------------+-----------+------------+----------------+
; Module Name               ; Machine Hostname ; OS Name   ; OS Version ; Processor type ;
+---------------------------+------------------+-----------+------------+----------------+
; Analysis & Synthesis      ; LegendaryZ       ; Windows 7 ; 6.2        ; x86_64         ;
; Fitter                    ; LegendaryZ       ; Windows 7 ; 6.2        ; x86_64         ;
; Assembler                 ; LegendaryZ       ; Windows 7 ; 6.2        ; x86_64         ;
; TimeQuest Timing Analyzer ; LegendaryZ       ; Windows 7 ; 6.2        ; x86_64         ;
; EDA Netlist Writer        ; LegendaryZ       ; Windows 7 ; 6.2        ; x86_64         ;
; Fitter                    ; LegendaryZ       ; Windows 7 ; 6.2        ; x86_64         ;
; EDA Netlist Writer        ; LegendaryZ       ; Windows 7 ; 6.2        ; x86_64         ;
+---------------------------+------------------+-----------+------------+----------------+


------------
; Flow Log ;
------------
quartus_map --read_settings_files=on --write_settings_files=off instructionCode -c instructionCode
quartus_fit --read_settings_files=off --write_settings_files=off instructionCode -c instructionCode
quartus_asm --read_settings_files=off --write_settings_files=off instructionCode -c instructionCode
quartus_sta instructionCode -c instructionCode
quartus_eda --read_settings_files=off --write_settings_files=off instructionCode -c instructionCode
quartus_fit --read_settings_files=on --write_settings_files=off instructionCode -c instructionCode
quartus_eda --read_settings_files=on --write_settings_files=off instructionCode -c instructionCode



